<?xml version="1.0" encoding="UTF-8"?>
<!-- Generated by org.testng.reporters.JUnitReportReporter -->
<testsuite hostname="AnsarAli" failures="0" tests="1" name="OrganizationTest.CreateOrganizationWithIndustryDropDown" time="31.444" errors="0" timestamp="2025-05-12T17:21:21 IST" skipped="0">
  <testcase classname="OrganizationTest.CreateOrganizationWithIndustryDropDown" name="ToCreateOrgWithIndustryDropDown" time="31.444"/>
</testsuite> <!-- OrganizationTest.CreateOrganizationWithIndustryDropDown -->
