<?xml version="1.0" encoding="UTF-8"?>
<!-- Generated by org.testng.reporters.JUnitReportReporter -->
<testsuite hostname="AnsarAli" failures="0" tests="1" name="OrganizationTest.ToCreateOrganizationWithTwoDropDownTest" time="80.650" errors="0" timestamp="2025-05-23T09:03:46 IST" skipped="0">
  <testcase classname="OrganizationTest.ToCreateOrganizationWithTwoDropDownTest" name="ToCreateOrgWithTwoDropDown" time="80.650"/>
</testsuite> <!-- OrganizationTest.ToCreateOrganizationWithTwoDropDownTest -->
