<?xml version="1.0" encoding="UTF-8"?>
<!-- Generated by org.testng.reporters.JUnitReportReporter -->
<testsuite hostname="AnsarAli" failures="0" tests="1" name="ContactTest.CreateontactWithSelectOrganization" time="47.158" errors="0" timestamp="2025-05-13T12:03:49 IST" skipped="0">
  <testcase classname="ContactTest.CreateontactWithSelectOrganization" name="tocreateContact_001" time="47.158"/>
</testsuite> <!-- ContactTest.CreateontactWithSelectOrganization -->
