<?xml version="1.0" encoding="UTF-8"?>
<!-- Generated by org.testng.reporters.JUnitReportReporter -->
<testsuite hostname="AnsarAli" failures="0" tests="1" name="OrganizationTest.ToCreateOrganizationWithTwoDropDown" time="27.744" errors="0" timestamp="2025-05-13T11:45:22 IST" skipped="0">
  <testcase classname="OrganizationTest.ToCreateOrganizationWithTwoDropDown" name="ToCreateOrgWithTwoDropDown" time="27.744"/>
</testsuite> <!-- OrganizationTest.ToCreateOrganizationWithTwoDropDown -->
