<?xml version="1.0" encoding="UTF-8"?>
<!-- Generated by org.testng.reporters.JUnitReportReporter -->
<testsuite hostname="AnsarAli" failures="0" tests="1" name="OrganizationTest.ToCreateOrganizationWithIndustryDropDownTest" time="30.556" errors="0" timestamp="2025-05-23T09:03:46 IST" skipped="0">
  <testcase classname="OrganizationTest.ToCreateOrganizationWithIndustryDropDownTest" name="ToCreateOrgWithIndustryDropDown" time="30.556"/>
</testsuite> <!-- OrganizationTest.ToCreateOrganizationWithIndustryDropDownTest -->
